<?xml version="1.0" encoding="UTF-8"?>
<coverage generated="1665668876606" clover="3.2.0">
  <project timestamp="1665668876607" name="All files">
    <metrics statements="31" coveredstatements="27" conditionals="8" coveredconditionals="6" methods="13" coveredmethods="11" elements="52" coveredelements="44" complexity="0" loc="31" ncloc="31" packages="1" files="3" classes="3"/>
    <file name="book.service.js" path="C:\Users\IosipescuIonut\OneDrive - GFI\Bureau\IT\Tutorials\UnitTesting\Overview_UnitTesting_JavaScript\Waldev-Jest-tutorial\src\book.service.js">
      <metrics statements="26" coveredstatements="25" conditionals="8" coveredconditionals="6" methods="11" coveredmethods="11"/>
      <line num="1" count="1" type="stmt"/>
      <line num="2" count="1" type="stmt"/>
      <line num="5" count="5" type="stmt"/>
      <line num="7" count="5" type="stmt"/>
      <line num="9" count="5" type="cond" truecount="2" falsecount="0"/>
      <line num="10" count="2" type="stmt"/>
      <line num="13" count="5" type="stmt"/>
      <line num="14" count="3" type="stmt"/>
      <line num="24" count="5" type="stmt"/>
      <line num="28" count="3" type="stmt"/>
      <line num="29" count="3" type="cond" truecount="1" falsecount="1"/>
      <line num="30" count="0" type="stmt"/>
      <line num="33" count="3" type="stmt"/>
      <line num="35" count="3" type="stmt"/>
      <line num="39" count="1" type="stmt"/>
      <line num="41" count="1" type="cond" truecount="1" falsecount="1"/>
      <line num="45" count="4" type="stmt"/>
      <line num="46" count="4" type="cond" truecount="2" falsecount="0"/>
      <line num="47" count="2" type="stmt"/>
      <line num="50" count="2" type="stmt"/>
      <line num="51" count="2" type="stmt"/>
      <line num="53" count="2" type="stmt"/>
      <line num="57" count="2" type="stmt"/>
      <line num="59" count="1" type="stmt"/>
      <line num="60" count="1" type="stmt"/>
      <line num="64" count="1" type="stmt"/>
    </file>
    <file name="books-provider.js" path="C:\Users\IosipescuIonut\OneDrive - GFI\Bureau\IT\Tutorials\UnitTesting\Overview_UnitTesting_JavaScript\Waldev-Jest-tutorial\src\books-provider.js">
      <metrics statements="3" coveredstatements="1" conditionals="0" coveredconditionals="0" methods="1" coveredmethods="0"/>
      <line num="2" count="0" type="stmt"/>
      <line num="4" count="0" type="stmt"/>
      <line num="32" count="1" type="stmt"/>
    </file>
    <file name="email.service.js" path="C:\Users\IosipescuIonut\OneDrive - GFI\Bureau\IT\Tutorials\UnitTesting\Overview_UnitTesting_JavaScript\Waldev-Jest-tutorial\src\email.service.js">
      <metrics statements="2" coveredstatements="1" conditionals="0" coveredconditionals="0" methods="1" coveredmethods="0"/>
      <line num="2" count="0" type="stmt"/>
      <line num="5" count="1" type="stmt"/>
    </file>
  </project>
</coverage>
