{"C:\\Users\\IosipescuIonut\\OneDrive - GFI\\Bureau\\IT\\Tutorials\\UnitTesting\\Overview_UnitTesting_JavaScript\\js\\cloneArray.js": {"path":"C:\\Users\\IosipescuIonut\\OneDrive - GFI\\Bureau\\IT\\Tutorials\\UnitTesting\\Overview_UnitTesting_JavaScript\\js\\cloneArray.js","statementMap":{"0":{"start":{"line":2,"column":2},"end":{"line":2,"column":20}},"1":{"start":{"line":5,"column":0},"end":{"line":5,"column":28}}},"fnMap":{"0":{"name":"cloneArray","decl":{"start":{"line":1,"column":9},"end":{"line":1,"column":19}},"loc":{"start":{"line":1,"column":27},"end":{"line":3,"column":1}},"line":1}},"branchMap":{},"s":{"0":2,"1":1},"f":{"0":2},"b":{},"_coverageSchema":"1a1c01bbd47fc00a2c39e90264f33305004495a9","hash":"83de21865f1cb3a7b9bebf0187900be9c459163c"}
,"C:\\Users\\IosipescuIonut\\OneDrive - GFI\\Bureau\\IT\\Tutorials\\UnitTesting\\Overview_UnitTesting_JavaScript\\js\\subtract.js": {"path":"C:\\Users\\IosipescuIonut\\OneDrive - GFI\\Bureau\\IT\\Tutorials\\UnitTesting\\Overview_UnitTesting_JavaScript\\js\\subtract.js","statementMap":{"0":{"start":{"line":2,"column":2},"end":{"line":2,"column":15}},"1":{"start":{"line":5,"column":0},"end":{"line":5,"column":26}}},"fnMap":{"0":{"name":"subtract","decl":{"start":{"line":1,"column":9},"end":{"line":1,"column":17}},"loc":{"start":{"line":1,"column":24},"end":{"line":3,"column":1}},"line":1}},"branchMap":{},"s":{"0":1,"1":1},"f":{"0":1},"b":{},"_coverageSchema":"1a1c01bbd47fc00a2c39e90264f33305004495a9","hash":"857ec7f33430f4888cc03fb5edb1bb95fcc0b233"}
,"C:\\Users\\IosipescuIonut\\OneDrive - GFI\\Bureau\\IT\\Tutorials\\UnitTesting\\Overview_UnitTesting_JavaScript\\js\\sum.js": {"path":"C:\\Users\\IosipescuIonut\\OneDrive - GFI\\Bureau\\IT\\Tutorials\\UnitTesting\\Overview_UnitTesting_JavaScript\\js\\sum.js","statementMap":{"0":{"start":{"line":2,"column":2},"end":{"line":2,"column":15}},"1":{"start":{"line":6,"column":2},"end":{"line":6,"column":24}},"2":{"start":{"line":9,"column":0},"end":{"line":9,"column":21}}},"fnMap":{"0":{"name":"sum","decl":{"start":{"line":1,"column":9},"end":{"line":1,"column":12}},"loc":{"start":{"line":1,"column":19},"end":{"line":3,"column":1}},"line":1},"1":{"name":"helper","decl":{"start":{"line":5,"column":9},"end":{"line":5,"column":15}},"loc":{"start":{"line":5,"column":18},"end":{"line":7,"column":1}},"line":5}},"branchMap":{},"s":{"0":1,"1":0,"2":1},"f":{"0":1,"1":0},"b":{},"_coverageSchema":"1a1c01bbd47fc00a2c39e90264f33305004495a9","hash":"2423cdf5f72a1d53d6010a3d5ba1a0c028614366"}
}
